phone_app/android/app/build/intermediates/manifest_merge_blame_file/debug/processDebugMainManifest/manifest-merger-blame-debug-report.txt
1<?xml version="1.0" encoding="utf-8"?>
2<manifest xmlns:android="http://schemas.android.com/apk/res/android"
3    package="com.huangshan.badge"
4    android:versionCode="1"
5    android:versionName="0.1.0" >
6
7    <uses-sdk
8        android:minSdkVersion="26"
9        android:targetSdkVersion="35" />
10
11    <uses-permission
11-->src/main/AndroidManifest.xml:2:5-95
12        android:name="android.permission.BLUETOOTH"
12-->src/main/AndroidManifest.xml:2:22-65
13        android:maxSdkVersion="30" />
13-->src/main/AndroidManifest.xml:2:66-92
14    <uses-permission
14-->src/main/AndroidManifest.xml:3:5-101
15        android:name="android.permission.BLUETOOTH_ADMIN"
15-->src/main/AndroidManifest.xml:3:22-71
16        android:maxSdkVersion="30" />
16-->src/main/AndroidManifest.xml:3:72-98
17    <uses-permission
17-->src/main/AndroidManifest.xml:4:5-106
18        android:name="android.permission.ACCESS_FINE_LOCATION"
18-->src/main/AndroidManifest.xml:4:22-76
19        android:maxSdkVersion="30" />
19-->src/main/AndroidManifest.xml:4:77-103
20    <uses-permission
20-->src/main/AndroidManifest.xml:5:5-120
21        android:name="android.permission.BLUETOOTH_SCAN"
21-->src/main/AndroidManifest.xml:5:22-70
22        android:usesPermissionFlags="neverForLocation" />
22-->src/main/AndroidManifest.xml:5:71-117
23    <uses-permission android:name="android.permission.BLUETOOTH_CONNECT" />
23-->src/main/AndroidManifest.xml:6:5-76
23-->src/main/AndroidManifest.xml:6:22-73
24
25    <uses-feature
25-->src/main/AndroidManifest.xml:7:5-91
26        android:name="android.hardware.bluetooth_le"
26-->src/main/AndroidManifest.xml:7:19-63
27        android:required="false" />
27-->src/main/AndroidManifest.xml:7:64-88
28
29    <application
29-->src/main/AndroidManifest.xml:9:5-22:19
30        android:allowBackup="true"
30-->src/main/AndroidManifest.xml:10:9-35
31        android:debuggable="true"
32        android:extractNativeLibs="false"
33        android:label="黄山电子吧唧"
33-->src/main/AndroidManifest.xml:11:9-31
34        android:theme="@style/AppTheme"
34-->src/main/AndroidManifest.xml:12:9-40
35        android:usesCleartextTraffic="false" >
35-->src/main/AndroidManifest.xml:13:9-45
36        <activity
36-->src/main/AndroidManifest.xml:14:9-21:20
37            android:name="com.huangshan.badge.MainActivity"
37-->src/main/AndroidManifest.xml:15:13-41
38            android:exported="true" >
38-->src/main/AndroidManifest.xml:16:13-36
39            <intent-filter>
39-->src/main/AndroidManifest.xml:17:13-20:29
40                <action android:name="android.intent.action.MAIN" />
40-->src/main/AndroidManifest.xml:18:17-69
40-->src/main/AndroidManifest.xml:18:25-66
41
42                <category android:name="android.intent.category.LAUNCHER" />
42-->src/main/AndroidManifest.xml:19:17-77
42-->src/main/AndroidManifest.xml:19:27-74
43            </intent-filter>
44        </activity>
45    </application>
46
47</manifest>